<?xml version="1.0" encoding="UTF-8" standalone="yes"?>
<!DOCTYPE report PUBLIC "-//JACOCO//DTD Report 1.1//EN" "report.dtd">
<report name="fabric-gateway">
    <sessioninfo id="Marks-MacBook-Pro-2.local-80c57bb1" start="1723113946639" dump="1723113950039" />
    <package name="org/hyperledger/fabric/client/identity">
        <class name="org/hyperledger/fabric/client/identity/ECSignature"
            sourcefilename="ECSignature.java">
            <method name="fromBytes" desc="([B)Lorg/hyperledger/fabric/client/identity/ECSignature;"
                line="29">
                <counter type="INSTRUCTION" missed="33" covered="51" />
                <counter type="BRANCH" missed="2" covered="2" />
                <counter type="LINE" missed="6" covered="12" />
                <counter type="COMPLEXITY" missed="2" covered="1" />
                <counter type="METHOD" missed="0" covered="1" />
            </method>
            <method name="&lt;init&gt;"
                desc="(Lorg/bouncycastle/asn1/ASN1Integer;Lorg/bouncycastle/asn1/ASN1Integer;)V"
                line="56">
                <counter type="INSTRUCTION" missed="0" covered="9" />
                <counter type="LINE" missed="0" covered="4" />
                <counter type="COMPLEXITY" missed="0" covered="1" />
                <counter type="METHOD" missed="0" covered="1" />
            </method>
            <method name="getR" desc="()Lorg/bouncycastle/asn1/ASN1Integer;" line="62">
                <counter type="INSTRUCTION" missed="0" covered="3" />
                <counter type="LINE" missed="0" covered="1" />
                <counter type="COMPLEXITY" missed="0" covered="1" />
                <counter type="METHOD" missed="0" covered="1" />
            </method>
            <method name="getS" desc="()Lorg/bouncycastle/asn1/ASN1Integer;" line="66">
                <counter type="INSTRUCTION" missed="0" covered="3" />
                <counter type="LINE" missed="0" covered="1" />
                <counter type="COMPLEXITY" missed="0" covered="1" />
                <counter type="METHOD" missed="0" covered="1" />
            </method>
            <method name="getBytes" desc="()[B" line="70">
                <counter type="INSTRUCTION" missed="6" covered="24" />
                <counter type="LINE" missed="2" covered="6" />
                <counter type="COMPLEXITY" missed="0" covered="1" />
                <counter type="METHOD" missed="0" covered="1" />
            </method>
            <method name="lambda$fromBytes$1"
                desc="(Lorg/bouncycastle/asn1/ASN1Primitive;)Lorg/bouncycastle/asn1/ASN1Integer;"
                line="42">
                <counter type="INSTRUCTION" missed="0" covered="3" />
                <counter type="LINE" missed="0" covered="1" />
                <counter type="COMPLEXITY" missed="0" covered="1" />
                <counter type="METHOD" missed="0" covered="1" />
            </method>
            <method name="lambda$fromBytes$0" desc="(Lorg/bouncycastle/asn1/ASN1Primitive;)Z"
                line="41">
                <counter type="INSTRUCTION" missed="0" covered="3" />
                <counter type="LINE" missed="0" covered="1" />
                <counter type="COMPLEXITY" missed="0" covered="1" />
                <counter type="METHOD" missed="0" covered="1" />
            </method>
            <counter type="INSTRUCTION" missed="39" covered="96" />
            <counter type="BRANCH" missed="2" covered="2" />
            <counter type="LINE" missed="8" covered="24" />
            <counter type="COMPLEXITY" missed="2" covered="7" />
            <counter type="METHOD" missed="0" covered="7" />
            <counter type="CLASS" missed="0" covered="1" />
        </class>
        <class name="org/hyperledger/fabric/client/identity/Signers" sourcefilename="Signers.java">
            <method name="newPrivateKeySigner"
                desc="(Ljava/security/PrivateKey;)Lorg/hyperledger/fabric/client/identity/Signer;"
                line="40">
                <counter type="INSTRUCTION" missed="0" covered="41" />
                <counter type="BRANCH" missed="0" covered="4" />
                <counter type="LINE" missed="0" covered="6" />
                <counter type="COMPLEXITY" missed="0" covered="3" />
                <counter type="METHOD" missed="0" covered="1" />
            </method>
            <counter type="INSTRUCTION" missed="0" covered="41" />
            <counter type="BRANCH" missed="0" covered="4" />
            <counter type="LINE" missed="0" covered="6" />
            <counter type="COMPLEXITY" missed="0" covered="3" />
            <counter type="METHOD" missed="0" covered="1" />
            <counter type="CLASS" missed="0" covered="1" />
        </class>
        <class name="org/hyperledger/fabric/client/identity/Identity" sourcefilename="Identity.java" />
        <class name="org/hyperledger/fabric/client/identity/X509Identity"
            sourcefilename="X509Identity.java">
            <method name="&lt;init&gt;"
                desc="(Ljava/lang/String;Ljava/security/cert/X509Certificate;)V" line="28">
                <counter type="INSTRUCTION" missed="0" covered="15" />
                <counter type="LINE" missed="0" covered="5" />
                <counter type="COMPLEXITY" missed="0" covered="1" />
                <counter type="METHOD" missed="0" covered="1" />
            </method>
            <method name="getCertificate" desc="()Ljava/security/cert/X509Certificate;" line="39">
                <counter type="INSTRUCTION" missed="0" covered="3" />
                <counter type="LINE" missed="0" covered="1" />
                <counter type="COMPLEXITY" missed="0" covered="1" />
                <counter type="METHOD" missed="0" covered="1" />
            </method>
            <method name="getMspId" desc="()Ljava/lang/String;" line="44">
                <counter type="INSTRUCTION" missed="0" covered="3" />
                <counter type="LINE" missed="0" covered="1" />
                <counter type="COMPLEXITY" missed="0" covered="1" />
                <counter type="METHOD" missed="0" covered="1" />
            </method>
            <method name="getCredentials" desc="()[B" line="49">
                <counter type="INSTRUCTION" missed="0" covered="5" />
                <counter type="LINE" missed="0" covered="1" />
                <counter type="COMPLEXITY" missed="0" covered="1" />
                <counter type="METHOD" missed="0" covered="1" />
            </method>
            <method name="equals" desc="(Ljava/lang/Object;)Z" line="54">
                <counter type="INSTRUCTION" missed="0" covered="29" />
                <counter type="BRANCH" missed="0" covered="8" />
                <counter type="LINE" missed="0" covered="6" />
                <counter type="COMPLEXITY" missed="0" covered="5" />
                <counter type="METHOD" missed="0" covered="1" />
            </method>
            <method name="hashCode" desc="()I" line="67">
                <counter type="INSTRUCTION" missed="0" covered="16" />
                <counter type="LINE" missed="0" covered="1" />
                <counter type="COMPLEXITY" missed="0" covered="1" />
                <counter type="METHOD" missed="0" covered="1" />
            </method>
            <counter type="INSTRUCTION" missed="0" covered="71" />
            <counter type="BRANCH" missed="0" covered="8" />
            <counter type="LINE" missed="0" covered="15" />
            <counter type="COMPLEXITY" missed="0" covered="10" />
            <counter type="METHOD" missed="0" covered="6" />
            <counter type="CLASS" missed="0" covered="1" />
        </class>
        <class name="org/hyperledger/fabric/client/identity/Identities"
            sourcefilename="Identities.java">
            <method name="readX509Certificate"
                desc="(Ljava/lang/String;)Ljava/security/cert/X509Certificate;" line="43">
                <counter type="INSTRUCTION" missed="6" covered="6" />
                <counter type="LINE" missed="2" covered="1" />
                <counter type="COMPLEXITY" missed="0" covered="1" />
                <counter type="METHOD" missed="0" covered="1" />
            </method>
            <method name="readX509Certificate"
                desc="(Ljava/io/Reader;)Ljava/security/cert/X509Certificate;" line="59">
                <counter type="INSTRUCTION" missed="0" covered="18" />
                <counter type="LINE" missed="0" covered="5" />
                <counter type="COMPLEXITY" missed="0" covered="1" />
                <counter type="METHOD" missed="0" covered="1" />
            </method>
            <method name="readPemObject" desc="(Ljava/io/Reader;)Ljava/lang/Object;" line="68">
                <counter type="INSTRUCTION" missed="0" covered="19" />
                <counter type="BRANCH" missed="0" covered="2" />
                <counter type="LINE" missed="0" covered="5" />
                <counter type="COMPLEXITY" missed="0" covered="2" />
                <counter type="METHOD" missed="0" covered="1" />
            </method>
            <method name="asX509CertificateHolder"
                desc="(Ljava/lang/Object;)Lorg/bouncycastle/cert/X509CertificateHolder;" line="78">
                <counter type="INSTRUCTION" missed="14" covered="6" />
                <counter type="BRANCH" missed="1" covered="1" />
                <counter type="LINE" missed="2" covered="2" />
                <counter type="COMPLEXITY" missed="1" covered="1" />
                <counter type="METHOD" missed="0" covered="1" />
            </method>
            <method name="readPrivateKey" desc="(Ljava/lang/String;)Ljava/security/PrivateKey;"
                line="94">
                <counter type="INSTRUCTION" missed="6" covered="6" />
                <counter type="LINE" missed="2" covered="1" />
                <counter type="COMPLEXITY" missed="0" covered="1" />
                <counter type="METHOD" missed="0" covered="1" />
            </method>
            <method name="readPrivateKey" desc="(Ljava/io/Reader;)Ljava/security/PrivateKey;"
                line="110">
                <counter type="INSTRUCTION" missed="0" covered="18" />
                <counter type="LINE" missed="0" covered="5" />
                <counter type="COMPLEXITY" missed="0" covered="1" />
                <counter type="METHOD" missed="0" covered="1" />
            </method>
            <method name="asPrivateKeyInfo"
                desc="(Ljava/lang/Object;)Lorg/bouncycastle/asn1/pkcs/PrivateKeyInfo;" line="120">
                <counter type="INSTRUCTION" missed="19" covered="12" />
                <counter type="BRANCH" missed="2" covered="2" />
                <counter type="LINE" missed="3" covered="4" />
                <counter type="COMPLEXITY" missed="2" covered="1" />
                <counter type="METHOD" missed="0" covered="1" />
            </method>
            <method name="toPemString" desc="(Ljava/security/cert/Certificate;)Ljava/lang/String;"
                line="137">
                <counter type="INSTRUCTION" missed="0" covered="3" />
                <counter type="LINE" missed="0" covered="1" />
                <counter type="COMPLEXITY" missed="0" covered="1" />
                <counter type="METHOD" missed="0" covered="1" />
            </method>
            <method name="asPemString" desc="(Ljava/lang/Object;)Ljava/lang/String;" line="141">
                <counter type="INSTRUCTION" missed="6" covered="18" />
                <counter type="LINE" missed="2" covered="6" />
                <counter type="COMPLEXITY" missed="0" covered="1" />
                <counter type="METHOD" missed="0" covered="1" />
            </method>
            <method name="toPemString" desc="(Ljava/security/PrivateKey;)Ljava/lang/String;"
                line="159">
                <counter type="INSTRUCTION" missed="6" covered="10" />
                <counter type="LINE" missed="2" covered="2" />
                <counter type="COMPLEXITY" missed="0" covered="1" />
                <counter type="METHOD" missed="0" covered="1" />
            </method>
            <counter type="INSTRUCTION" missed="57" covered="116" />
            <counter type="BRANCH" missed="3" covered="5" />
            <counter type="LINE" missed="13" covered="32" />
            <counter type="COMPLEXITY" missed="3" covered="11" />
            <counter type="METHOD" missed="0" covered="10" />
            <counter type="CLASS" missed="0" covered="1" />
        </class>
        <class name="org/hyperledger/fabric/client/identity/ECPrivateKeySigner"
            sourcefilename="ECPrivateKeySigner.java">
            <method name="&lt;init&gt;" desc="(Ljava/security/interfaces/ECPrivateKey;)V" line="21">
                <counter type="INSTRUCTION" missed="0" covered="22" />
                <counter type="LINE" missed="0" covered="5" />
                <counter type="COMPLEXITY" missed="0" covered="1" />
                <counter type="METHOD" missed="0" covered="1" />
            </method>
            <method name="sign" desc="([B)[B" line="29">
                <counter type="INSTRUCTION" missed="0" covered="15" />
                <counter type="LINE" missed="0" covered="4" />
                <counter type="COMPLEXITY" missed="0" covered="1" />
                <counter type="METHOD" missed="0" covered="1" />
            </method>
            <method name="preventMalleability"
                desc="(Lorg/hyperledger/fabric/client/identity/ECSignature;)Lorg/hyperledger/fabric/client/identity/ECSignature;"
                line="36">
                <counter type="INSTRUCTION" missed="0" covered="26" />
                <counter type="BRANCH" missed="0" covered="2" />
                <counter type="LINE" missed="0" covered="5" />
                <counter type="COMPLEXITY" missed="0" covered="2" />
                <counter type="METHOD" missed="0" covered="1" />
            </method>
            <counter type="INSTRUCTION" missed="0" covered="63" />
            <counter type="BRANCH" missed="0" covered="2" />
            <counter type="LINE" missed="0" covered="14" />
            <counter type="COMPLEXITY" missed="0" covered="4" />
            <counter type="METHOD" missed="0" covered="3" />
            <counter type="CLASS" missed="0" covered="1" />
        </class>
        <class name="org/hyperledger/fabric/client/identity/PrivateKeySigner"
            sourcefilename="PrivateKeySigner.java">
            <method name="&lt;init&gt;" desc="(Ljava/security/PrivateKey;Ljava/lang/String;)V"
                line="21">
                <counter type="INSTRUCTION" missed="0" covered="9" />
                <counter type="LINE" missed="0" covered="4" />
                <counter type="COMPLEXITY" missed="0" covered="1" />
                <counter type="METHOD" missed="0" covered="1" />
            </method>
            <method name="sign" desc="([B)[B" line="28">
                <counter type="INSTRUCTION" missed="0" covered="15" />
                <counter type="LINE" missed="0" covered="4" />
                <counter type="COMPLEXITY" missed="0" covered="1" />
                <counter type="METHOD" missed="0" covered="1" />
            </method>
            <method name="&lt;clinit&gt;" desc="()V" line="16">
                <counter type="INSTRUCTION" missed="0" covered="5" />
                <counter type="LINE" missed="0" covered="1" />
                <counter type="COMPLEXITY" missed="0" covered="1" />
                <counter type="METHOD" missed="0" covered="1" />
            </method>
            <counter type="INSTRUCTION" missed="0" covered="29" />
            <counter type="LINE" missed="0" covered="9" />
            <counter type="COMPLEXITY" missed="0" covered="3" />
            <counter type="METHOD" missed="0" covered="3" />
            <counter type="CLASS" missed="0" covered="1" />
        </class>
        <class name="org/hyperledger/fabric/client/identity/Signer" sourcefilename="Signer.java" />
        <sourcefile name="X509Identity.java">
            <line nr="28" mi="0" ci="2" mb="0" cb="0" />
            <line nr="29" mi="0" ci="3" mb="0" cb="0" />
            <line nr="30" mi="0" ci="3" mb="0" cb="0" />
            <line nr="31" mi="0" ci="6" mb="0" cb="0" />
            <line nr="32" mi="0" ci="1" mb="0" cb="0" />
            <line nr="39" mi="0" ci="3" mb="0" cb="0" />
            <line nr="44" mi="0" ci="3" mb="0" cb="0" />
            <line nr="49" mi="0" ci="5" mb="0" cb="0" />
            <line nr="54" mi="0" ci="3" mb="0" cb="2" />
            <line nr="55" mi="0" ci="2" mb="0" cb="0" />
            <line nr="57" mi="0" ci="3" mb="0" cb="2" />
            <line nr="58" mi="0" ci="2" mb="0" cb="0" />
            <line nr="61" mi="0" ci="3" mb="0" cb="0" />
            <line nr="62" mi="0" ci="16" mb="0" cb="4" />
            <line nr="67" mi="0" ci="16" mb="0" cb="0" />
            <counter type="INSTRUCTION" missed="0" covered="71" />
            <counter type="BRANCH" missed="0" covered="8" />
            <counter type="LINE" missed="0" covered="15" />
            <counter type="COMPLEXITY" missed="0" covered="10" />
            <counter type="METHOD" missed="0" covered="6" />
            <counter type="CLASS" missed="0" covered="1" />
        </sourcefile>
        <sourcefile name="Signers.java">
            <line nr="40" mi="0" ci="3" mb="0" cb="2" />
            <line nr="41" mi="0" ci="6" mb="0" cb="0" />
            <line nr="44" mi="0" ci="5" mb="0" cb="2" />
            <line nr="45" mi="0" ci="6" mb="0" cb="0" />
            <line nr="48" mi="0" ci="8" mb="0" cb="0" />
            <line nr="49" mi="0" ci="13" mb="0" cb="0" />
            <counter type="INSTRUCTION" missed="0" covered="41" />
            <counter type="BRANCH" missed="0" covered="4" />
            <counter type="LINE" missed="0" covered="6" />
            <counter type="COMPLEXITY" missed="0" covered="3" />
            <counter type="METHOD" missed="0" covered="1" />
            <counter type="CLASS" missed="0" covered="1" />
        </sourcefile>
        <sourcefile name="ECPrivateKeySigner.java">
            <line nr="21" mi="0" ci="2" mb="0" cb="0" />
            <line nr="22" mi="0" ci="7" mb="0" cb="0" />
            <line nr="23" mi="0" ci="5" mb="0" cb="0" />
            <line nr="24" mi="0" ci="7" mb="0" cb="0" />
            <line nr="25" mi="0" ci="1" mb="0" cb="0" />
            <line nr="29" mi="0" ci="5" mb="0" cb="0" />
            <line nr="30" mi="0" ci="3" mb="0" cb="0" />
            <line nr="31" mi="0" ci="4" mb="0" cb="0" />
            <line nr="32" mi="0" ci="3" mb="0" cb="0" />
            <line nr="36" mi="0" ci="4" mb="0" cb="0" />
            <line nr="37" mi="0" ci="5" mb="0" cb="2" />
            <line nr="38" mi="0" ci="5" mb="0" cb="0" />
            <line nr="39" mi="0" ci="10" mb="0" cb="0" />
            <line nr="41" mi="0" ci="2" mb="0" cb="0" />
            <counter type="INSTRUCTION" missed="0" covered="63" />
            <counter type="BRANCH" missed="0" covered="2" />
            <counter type="LINE" missed="0" covered="14" />
            <counter type="COMPLEXITY" missed="0" covered="4" />
            <counter type="METHOD" missed="0" covered="3" />
            <counter type="CLASS" missed="0" covered="1" />
        </sourcefile>
        <sourcefile name="PrivateKeySigner.java">
            <line nr="16" mi="0" ci="5" mb="0" cb="0" />
            <line nr="21" mi="0" ci="2" mb="0" cb="0" />
            <line nr="22" mi="0" ci="3" mb="0" cb="0" />
            <line nr="23" mi="0" ci="3" mb="0" cb="0" />
            <line nr="24" mi="0" ci="1" mb="0" cb="0" />
            <line nr="28" mi="0" ci="5" mb="0" cb="0" />
            <line nr="29" mi="0" ci="4" mb="0" cb="0" />
            <line nr="30" mi="0" ci="3" mb="0" cb="0" />
            <line nr="31" mi="0" ci="3" mb="0" cb="0" />
            <counter type="INSTRUCTION" missed="0" covered="29" />
            <counter type="LINE" missed="0" covered="9" />
            <counter type="COMPLEXITY" missed="0" covered="3" />
            <counter type="METHOD" missed="0" covered="3" />
            <counter type="CLASS" missed="0" covered="1" />
        </sourcefile>
        <sourcefile name="ECSignature.java">
            <line nr="29" mi="0" ci="5" mb="0" cb="0" />
            <line nr="30" mi="0" ci="5" mb="0" cb="0" />
            <line nr="31" mi="0" ci="3" mb="0" cb="0" />
            <line nr="33" mi="0" ci="3" mb="1" cb="1" />
            <line nr="34" mi="8" ci="0" mb="0" cb="0" />
            <line nr="35" mi="6" ci="0" mb="0" cb="0" />
            <line nr="38" mi="0" ci="3" mb="0" cb="0" />
            <line nr="39" mi="0" ci="5" mb="0" cb="0" />
            <line nr="40" mi="0" ci="2" mb="0" cb="0" />
            <line nr="41" mi="0" ci="5" mb="0" cb="0" />
            <line nr="42" mi="0" ci="4" mb="0" cb="0" />
            <line nr="43" mi="0" ci="4" mb="0" cb="0" />
            <line nr="44" mi="0" ci="4" mb="1" cb="1" />
            <line nr="45" mi="8" ci="0" mb="0" cb="0" />
            <line nr="46" mi="5" ci="0" mb="0" cb="0" />
            <line nr="49" mi="0" ci="14" mb="0" cb="0" />
            <line nr="50" mi="1" ci="0" mb="0" cb="0" />
            <line nr="52" mi="5" ci="0" mb="0" cb="0" />
            <line nr="56" mi="0" ci="2" mb="0" cb="0" />
            <line nr="57" mi="0" ci="3" mb="0" cb="0" />
            <line nr="58" mi="0" ci="3" mb="0" cb="0" />
            <line nr="59" mi="0" ci="1" mb="0" cb="0" />
            <line nr="62" mi="0" ci="3" mb="0" cb="0" />
            <line nr="66" mi="0" ci="3" mb="0" cb="0" />
            <line nr="70" mi="0" ci="4" mb="0" cb="0" />
            <line nr="71" mi="0" ci="5" mb="0" cb="0" />
            <line nr="72" mi="0" ci="4" mb="0" cb="0" />
            <line nr="73" mi="0" ci="4" mb="0" cb="0" />
            <line nr="74" mi="0" ci="2" mb="0" cb="0" />
            <line nr="75" mi="0" ci="5" mb="0" cb="0" />
            <line nr="76" mi="1" ci="0" mb="0" cb="0" />
            <line nr="78" mi="5" ci="0" mb="0" cb="0" />
            <counter type="INSTRUCTION" missed="39" covered="96" />
            <counter type="BRANCH" missed="2" covered="2" />
            <counter type="LINE" missed="8" covered="24" />
            <counter type="COMPLEXITY" missed="2" covered="7" />
            <counter type="METHOD" missed="0" covered="7" />
            <counter type="CLASS" missed="0" covered="1" />
        </sourcefile>
        <sourcefile name="Identities.java">
            <line nr="43" mi="0" ci="6" mb="0" cb="0" />
            <line nr="44" mi="1" ci="0" mb="0" cb="0" />
            <line nr="46" mi="5" ci="0" mb="0" cb="0" />
            <line nr="59" mi="0" ci="3" mb="0" cb="0" />
            <line nr="60" mi="0" ci="3" mb="0" cb="0" />
            <line nr="61" mi="0" ci="6" mb="0" cb="0" />
            <line nr="62" mi="0" ci="1" mb="0" cb="0" />
            <line nr="63" mi="0" ci="5" mb="0" cb="0" />
            <line nr="68" mi="0" ci="5" mb="0" cb="0" />
            <line nr="69" mi="0" ci="3" mb="0" cb="0" />
            <line nr="70" mi="0" ci="2" mb="0" cb="2" />
            <line nr="71" mi="0" ci="5" mb="0" cb="0" />
            <line nr="73" mi="0" ci="4" mb="0" cb="0" />
            <line nr="78" mi="0" ci="3" mb="1" cb="1" />
            <line nr="79" mi="0" ci="3" mb="0" cb="0" />
            <line nr="81" mi="8" ci="0" mb="0" cb="0" />
            <line nr="82" mi="6" ci="0" mb="0" cb="0" />
            <line nr="94" mi="0" ci="6" mb="0" cb="0" />
            <line nr="95" mi="1" ci="0" mb="0" cb="0" />
            <line nr="97" mi="5" ci="0" mb="0" cb="0" />
            <line nr="110" mi="0" ci="3" mb="0" cb="0" />
            <line nr="111" mi="0" ci="3" mb="0" cb="0" />
            <line nr="112" mi="0" ci="6" mb="0" cb="0" />
            <line nr="113" mi="0" ci="1" mb="0" cb="0" />
            <line nr="114" mi="0" ci="5" mb="0" cb="0" />
            <line nr="120" mi="0" ci="3" mb="1" cb="1" />
            <line nr="121" mi="5" ci="0" mb="0" cb="0" />
            <line nr="122" mi="0" ci="3" mb="1" cb="1" />
            <line nr="123" mi="0" ci="4" mb="0" cb="0" />
            <line nr="125" mi="8" ci="0" mb="0" cb="0" />
            <line nr="126" mi="6" ci="0" mb="0" cb="0" />
            <line nr="128" mi="0" ci="2" mb="0" cb="0" />
            <line nr="137" mi="0" ci="3" mb="0" cb="0" />
            <line nr="141" mi="0" ci="4" mb="0" cb="0" />
            <line nr="142" mi="0" ci="5" mb="0" cb="0" />
            <line nr="143" mi="0" ci="3" mb="0" cb="0" />
            <line nr="144" mi="0" ci="2" mb="0" cb="0" />
            <line nr="145" mi="1" ci="0" mb="0" cb="0" />
            <line nr="146" mi="5" ci="0" mb="0" cb="0" />
            <line nr="147" mi="0" ci="1" mb="0" cb="0" />
            <line nr="148" mi="0" ci="3" mb="0" cb="0" />
            <line nr="159" mi="0" ci="7" mb="0" cb="0" />
            <line nr="160" mi="0" ci="3" mb="0" cb="0" />
            <line nr="161" mi="1" ci="0" mb="0" cb="0" />
            <line nr="162" mi="5" ci="0" mb="0" cb="0" />
            <counter type="INSTRUCTION" missed="57" covered="116" />
            <counter type="BRANCH" missed="3" covered="5" />
            <counter type="LINE" missed="13" covered="32" />
            <counter type="COMPLEXITY" missed="3" covered="11" />
            <counter type="METHOD" missed="0" covered="10" />
            <counter type="CLASS" missed="0" covered="1" />
        </sourcefile>
        <sourcefile name="Identity.java" />
        <sourcefile name="Signer.java" />
        <counter type="INSTRUCTION" missed="96" covered="416" />
        <counter type="BRANCH" missed="5" covered="21" />
        <counter type="LINE" missed="21" covered="100" />
        <counter type="COMPLEXITY" missed="5" covered="38" />
        <counter type="METHOD" missed="0" covered="30" />
        <counter type="CLASS" missed="0" covered="6" />
    </package>
    <package name="org/hyperledger/fabric/client">
        <class name="org/hyperledger/fabric/client/EventsRequest"
            sourcefilename="EventsRequest.java">
            <method name="getEvents" desc="()Lorg/hyperledger/fabric/client/CloseableIterator;"
                line="25">
                <counter type="INSTRUCTION" missed="0" covered="6" />
                <counter type="LINE" missed="0" covered="1" />
                <counter type="COMPLEXITY" missed="0" covered="1" />
                <counter type="METHOD" missed="0" covered="1" />
            </method>
            <method name="getEvents"
                desc="([Lorg/hyperledger/fabric/client/CallOption;)Lorg/hyperledger/fabric/client/CloseableIterator;"
                line="49">
                <counter type="INSTRUCTION" missed="5" covered="0" />
                <counter type="LINE" missed="1" covered="0" />
                <counter type="COMPLEXITY" missed="1" covered="0" />
                <counter type="METHOD" missed="1" covered="0" />
            </method>
            <counter type="INSTRUCTION" missed="5" covered="6" />
            <counter type="LINE" missed="1" covered="1" />
            <counter type="COMPLEXITY" missed="1" covered="1" />
            <counter type="METHOD" missed="1" covered="1" />
            <counter type="CLASS" missed="0" covered="1" />
        </class>
        <class name="org/hyperledger/fabric/client/NetworkImpl" sourcefilename="NetworkImpl.java">
            <method name="&lt;init&gt;"
                desc="(Lorg/hyperledger/fabric/client/GatewayClient;Lorg/hyperledger/fabric/client/SigningIdentity;Ljava/lang/String;Lcom/google/protobuf/ByteString;)V"
                line="27">
                <counter type="INSTRUCTION" missed="0" covered="19" />
                <counter type="LINE" missed="0" covered="7" />
                <counter type="COMPLEXITY" missed="0" covered="1" />
                <counter type="METHOD" missed="0" covered="1" />
            </method>
            <method name="getContract"
                desc="(Ljava/lang/String;Ljava/lang/String;)Lorg/hyperledger/fabric/client/Contract;"
                line="38">
                <counter type="INSTRUCTION" missed="0" covered="12" />
                <counter type="LINE" missed="0" covered="1" />
                <counter type="COMPLEXITY" missed="0" covered="1" />
                <counter type="METHOD" missed="0" covered="1" />
            </method>
            <method name="getContract"
                desc="(Ljava/lang/String;)Lorg/hyperledger/fabric/client/Contract;" line="43">
                <counter type="INSTRUCTION" missed="0" covered="11" />
                <counter type="LINE" missed="0" covered="1" />
                <counter type="COMPLEXITY" missed="0" covered="1" />
                <counter type="METHOD" missed="0" covered="1" />
            </method>
            <method name="getName" desc="()Ljava/lang/String;" line="48">
                <counter type="INSTRUCTION" missed="0" covered="3" />
                <counter type="LINE" missed="0" covered="1" />
                <counter type="COMPLEXITY" missed="0" covered="1" />
                <counter type="METHOD" missed="0" covered="1" />
            </method>
            <method name="getChaincodeEvents"
                desc="(Ljava/lang/String;Ljava/util/function/UnaryOperator;)Lorg/hyperledger/fabric/client/CloseableIterator;"
                line="54">
                <counter type="INSTRUCTION" missed="0" covered="7" />
                <counter type="LINE" missed="0" covered="1" />
                <counter type="COMPLEXITY" missed="0" covered="1" />
                <counter type="METHOD" missed="0" covered="1" />
            </method>
            <method name="newChaincodeEventsRequest"
                desc="(Ljava/lang/String;)Lorg/hyperledger/fabric/client/ChaincodeEventsRequest$Builder;"
                line="59">
                <counter type="INSTRUCTION" missed="0" covered="11" />
                <counter type="LINE" missed="0" covered="1" />
                <counter type="COMPLEXITY" missed="0" covered="1" />
                <counter type="METHOD" missed="0" covered="1" />
            </method>
            <method name="getBlockEvents"
                desc="(Ljava/util/function/UnaryOperator;)Lorg/hyperledger/fabric/client/CloseableIterator;"
                line="64">
                <counter type="INSTRUCTION" missed="0" covered="6" />
                <counter type="LINE" missed="0" covered="1" />
                <counter type="COMPLEXITY" missed="0" covered="1" />
                <counter type="METHOD" missed="0" covered="1" />
            </method>
            <method name="newBlockEventsRequest"
                desc="()Lorg/hyperledger/fabric/client/BlockEventsRequest$Builder;" line="69">
                <counter type="INSTRUCTION" missed="0" covered="12" />
                <counter type="LINE" missed="0" covered="1" />
                <counter type="COMPLEXITY" missed="0" covered="1" />
                <counter type="METHOD" missed="0" covered="1" />
            </method>
            <method name="getFilteredBlockEvents"
                desc="(Ljava/util/function/UnaryOperator;)Lorg/hyperledger/fabric/client/CloseableIterator;"
                line="74">
                <counter type="INSTRUCTION" missed="0" covered="6" />
                <counter type="LINE" missed="0" covered="1" />
                <counter type="COMPLEXITY" missed="0" covered="1" />
                <counter type="METHOD" missed="0" covered="1" />
            </method>
            <method name="newFilteredBlockEventsRequest"
                desc="()Lorg/hyperledger/fabric/client/FilteredBlockEventsRequest$Builder;"
                line="79">
                <counter type="INSTRUCTION" missed="0" covered="12" />
                <counter type="LINE" missed="0" covered="1" />
                <counter type="COMPLEXITY" missed="0" covered="1" />
                <counter type="METHOD" missed="0" covered="1" />
            </method>
            <method name="getBlockAndPrivateDataEvents"
                desc="(Ljava/util/function/UnaryOperator;)Lorg/hyperledger/fabric/client/CloseableIterator;"
                line="85">
                <counter type="INSTRUCTION" missed="0" covered="6" />
                <counter type="LINE" missed="0" covered="1" />
                <counter type="COMPLEXITY" missed="0" covered="1" />
                <counter type="METHOD" missed="0" covered="1" />
            </method>
            <method name="newBlockAndPrivateDataEventsRequest"
                desc="()Lorg/hyperledger/fabric/client/BlockAndPrivateDataEventsRequest$Builder;"
                line="90">
                <counter type="INSTRUCTION" missed="0" covered="12" />
                <counter type="LINE" missed="0" covered="1" />
                <counter type="COMPLEXITY" missed="0" covered="1" />
                <counter type="METHOD" missed="0" covered="1" />
            </method>
            <counter type="INSTRUCTION" missed="0" covered="117" />
            <counter type="LINE" missed="0" covered="18" />
            <counter type="COMPLEXITY" missed="0" covered="12" />
            <counter type="METHOD" missed="0" covered="12" />
            <counter type="CLASS" missed="0" covered="1" />
        </class>
        <class name="org/hyperledger/fabric/client/GatewayClient"
            sourcefilename="GatewayClient.java">
            <method name="&lt;init&gt;"
                desc="(Lio/grpc/Channel;Lorg/hyperledger/fabric/client/DefaultCallOptions;)V"
                line="49">
                <counter type="INSTRUCTION" missed="0" covered="20" />
                <counter type="LINE" missed="0" covered="7" />
                <counter type="COMPLEXITY" missed="0" covered="1" />
                <counter type="METHOD" missed="0" covered="1" />
            </method>
            <method name="evaluate"
                desc="(Lorg/hyperledger/fabric/protos/gateway/EvaluateRequest;Ljava/util/function/UnaryOperator;)Lorg/hyperledger/fabric/protos/gateway/EvaluateResponse;"
                line="60">
                <counter type="INSTRUCTION" missed="0" covered="18" />
                <counter type="LINE" missed="0" covered="4" />
                <counter type="COMPLEXITY" missed="0" covered="1" />
                <counter type="METHOD" missed="0" covered="1" />
            </method>
            <method name="endorse"
                desc="(Lorg/hyperledger/fabric/protos/gateway/EndorseRequest;Ljava/util/function/UnaryOperator;)Lorg/hyperledger/fabric/protos/gateway/EndorseResponse;"
                line="70">
                <counter type="INSTRUCTION" missed="0" covered="20" />
                <counter type="LINE" missed="0" covered="4" />
                <counter type="COMPLEXITY" missed="0" covered="1" />
                <counter type="METHOD" missed="0" covered="1" />
            </method>
            <method name="submit"
                desc="(Lorg/hyperledger/fabric/protos/gateway/SubmitRequest;Ljava/util/function/UnaryOperator;)Lorg/hyperledger/fabric/protos/gateway/SubmitResponse;"
                line="80">
                <counter type="INSTRUCTION" missed="0" covered="20" />
                <counter type="LINE" missed="0" covered="4" />
                <counter type="COMPLEXITY" missed="0" covered="1" />
                <counter type="METHOD" missed="0" covered="1" />
            </method>
            <method name="commitStatus"
                desc="(Lorg/hyperledger/fabric/protos/gateway/SignedCommitStatusRequest;Ljava/util/function/UnaryOperator;)Lorg/hyperledger/fabric/protos/gateway/CommitStatusResponse;"
                line="91">
                <counter type="INSTRUCTION" missed="12" covered="24" />
                <counter type="LINE" missed="4" covered="5" />
                <counter type="COMPLEXITY" missed="0" covered="1" />
                <counter type="METHOD" missed="0" covered="1" />
            </method>
            <method name="chaincodeEvents"
                desc="(Lorg/hyperledger/fabric/protos/gateway/SignedChaincodeEventsRequest;Ljava/util/function/UnaryOperator;)Lorg/hyperledger/fabric/client/CloseableIterator;"
                line="109">
                <counter type="INSTRUCTION" missed="0" covered="14" />
                <counter type="LINE" missed="0" covered="2" />
                <counter type="COMPLEXITY" missed="0" covered="1" />
                <counter type="METHOD" missed="0" covered="1" />
            </method>
            <method name="blockEvents"
                desc="(Lorg/hyperledger/fabric/protos/common/Envelope;Ljava/util/function/UnaryOperator;)Lorg/hyperledger/fabric/client/CloseableIterator;"
                line="115">
                <counter type="INSTRUCTION" missed="0" covered="17" />
                <counter type="LINE" missed="0" covered="2" />
                <counter type="COMPLEXITY" missed="0" covered="1" />
                <counter type="METHOD" missed="0" covered="1" />
            </method>
            <method name="filteredBlockEvents"
                desc="(Lorg/hyperledger/fabric/protos/common/Envelope;Ljava/util/function/UnaryOperator;)Lorg/hyperledger/fabric/client/CloseableIterator;"
                line="121">
                <counter type="INSTRUCTION" missed="0" covered="17" />
                <counter type="LINE" missed="0" covered="2" />
                <counter type="COMPLEXITY" missed="0" covered="1" />
                <counter type="METHOD" missed="0" covered="1" />
            </method>
            <method name="blockAndPrivateDataEvents"
                desc="(Lorg/hyperledger/fabric/protos/common/Envelope;Ljava/util/function/UnaryOperator;)Lorg/hyperledger/fabric/client/CloseableIterator;"
                line="127">
                <counter type="INSTRUCTION" missed="0" covered="17" />
                <counter type="LINE" missed="0" covered="2" />
                <counter type="COMPLEXITY" missed="0" covered="1" />
                <counter type="METHOD" missed="0" covered="1" />
            </method>
            <method name="invokeServerStreamingCall"
                desc="(Ljava/util/function/Supplier;)Lorg/hyperledger/fabric/client/CloseableIterator;"
                line="132">
                <counter type="INSTRUCTION" missed="0" covered="8" />
                <counter type="LINE" missed="0" covered="2" />
                <counter type="COMPLEXITY" missed="0" covered="1" />
                <counter type="METHOD" missed="0" covered="1" />
            </method>
            <method name="invokeStreamingCall"
                desc="(Lio/grpc/Context$CancellableContext;Ljava/util/function/Supplier;)Lorg/hyperledger/fabric/client/CloseableIterator;"
                line="140">
                <counter type="INSTRUCTION" missed="27" covered="16" />
                <counter type="LINE" missed="9" covered="2" />
                <counter type="COMPLEXITY" missed="0" covered="1" />
                <counter type="METHOD" missed="0" covered="1" />
            </method>
            <method name="invokeDuplexStreamingCall"
                desc="(Ljava/util/function/Function;Ljava/lang/Object;)Lorg/hyperledger/fabric/client/CloseableIterator;"
                line="191">
                <counter type="INSTRUCTION" missed="0" covered="21" />
                <counter type="LINE" missed="0" covered="4" />
                <counter type="COMPLEXITY" missed="0" covered="1" />
                <counter type="METHOD" missed="0" covered="1" />
            </method>
            <method name="lambda$invokeDuplexStreamingCall$2"
                desc="(Ljava/util/function/Function;Lorg/hyperledger/fabric/client/GatewayClient$ResponseObserver;Ljava/lang/Object;)Ljava/util/Iterator;"
                line="198">
                <counter type="INSTRUCTION" missed="0" covered="10" />
                <counter type="LINE" missed="0" covered="3" />
                <counter type="COMPLEXITY" missed="0" covered="1" />
                <counter type="METHOD" missed="0" covered="1" />
            </method>
            <method name="lambda$invokeDuplexStreamingCall$1"
                desc="(Lorg/hyperledger/fabric/client/GatewayClient$ResponseObserver;Lio/grpc/Context;)V"
                line="195">
                <counter type="INSTRUCTION" missed="0" covered="3" />
                <counter type="LINE" missed="0" covered="1" />
                <counter type="COMPLEXITY" missed="0" covered="1" />
                <counter type="METHOD" missed="0" covered="1" />
            </method>
            <method name="lambda$chaincodeEvents$0"
                desc="(Lorg/hyperledger/fabric/protos/gateway/GatewayGrpc$GatewayBlockingStub;Lorg/hyperledger/fabric/protos/gateway/SignedChaincodeEventsRequest;)Ljava/util/Iterator;"
                line="110">
                <counter type="INSTRUCTION" missed="0" covered="4" />
                <counter type="LINE" missed="0" covered="1" />
                <counter type="COMPLEXITY" missed="0" covered="1" />
                <counter type="METHOD" missed="0" covered="1" />
            </method>
            <counter type="INSTRUCTION" missed="39" covered="229" />
            <counter type="LINE" missed="13" covered="43" />
            <counter type="COMPLEXITY" missed="0" covered="15" />
            <counter type="METHOD" missed="0" covered="15" />
            <counter type="CLASS" missed="0" covered="1" />
        </class>
        <class name="org/hyperledger/fabric/client/BlockEventsBuilder"
            sourcefilename="BlockEventsBuilder.java">
            <method name="&lt;init&gt;"
                desc="(Lorg/hyperledger/fabric/client/GatewayClient;Lorg/hyperledger/fabric/client/SigningIdentity;Ljava/lang/String;Lcom/google/protobuf/ByteString;)V"
                line="22">
                <counter type="INSTRUCTION" missed="0" covered="21" />
                <counter type="LINE" missed="0" covered="6" />
                <counter type="COMPLEXITY" missed="0" covered="1" />
                <counter type="METHOD" missed="0" covered="1" />
            </method>
            <method name="startBlock" desc="(J)Lorg/hyperledger/fabric/client/BlockEventsBuilder;"
                line="32">
                <counter type="INSTRUCTION" missed="0" covered="7" />
                <counter type="LINE" missed="0" covered="2" />
                <counter type="COMPLEXITY" missed="0" covered="1" />
                <counter type="METHOD" missed="0" covered="1" />
            </method>
            <method name="checkpoint"
                desc="(Lorg/hyperledger/fabric/client/Checkpoint;)Lorg/hyperledger/fabric/client/BlockEventsBuilder;"
                line="38">
                <counter type="INSTRUCTION" missed="0" covered="11" />
                <counter type="LINE" missed="0" covered="2" />
                <counter type="COMPLEXITY" missed="0" covered="1" />
                <counter type="METHOD" missed="0" covered="1" />
            </method>
            <method name="build" desc="()Lorg/hyperledger/fabric/client/BlockEventsRequest;"
                line="44">
                <counter type="INSTRUCTION" missed="0" covered="13" />
                <counter type="LINE" missed="0" covered="2" />
                <counter type="COMPLEXITY" missed="0" covered="1" />
                <counter type="METHOD" missed="0" covered="1" />
            </method>
            <counter type="INSTRUCTION" missed="0" covered="52" />
            <counter type="LINE" missed="0" covered="12" />
            <counter type="COMPLEXITY" missed="0" covered="4" />
            <counter type="METHOD" missed="0" covered="4" />
            <counter type="CLASS" missed="0" covered="1" />
        </class>
        <class name="org/hyperledger/fabric/client/BlockAndPrivateDataEventsRequest"
            sourcefilename="BlockAndPrivateDataEventsRequest.java" />
        <class name="org/hyperledger/fabric/client/BlockAndPrivateDataEventsBuilder"
            sourcefilename="BlockAndPrivateDataEventsBuilder.java">
            <method name="&lt;init&gt;"
                desc="(Lorg/hyperledger/fabric/client/GatewayClient;Lorg/hyperledger/fabric/client/SigningIdentity;Ljava/lang/String;Lcom/google/protobuf/ByteString;)V"
                line="22">
                <counter type="INSTRUCTION" missed="0" covered="21" />
                <counter type="LINE" missed="0" covered="6" />
                <counter type="COMPLEXITY" missed="0" covered="1" />
                <counter type="METHOD" missed="0" covered="1" />
            </method>
            <method name="startBlock"
                desc="(J)Lorg/hyperledger/fabric/client/BlockAndPrivateDataEventsBuilder;" line="32">
                <counter type="INSTRUCTION" missed="0" covered="7" />
                <counter type="LINE" missed="0" covered="2" />
                <counter type="COMPLEXITY" missed="0" covered="1" />
                <counter type="METHOD" missed="0" covered="1" />
            </method>
            <method name="checkpoint"
                desc="(Lorg/hyperledger/fabric/client/Checkpoint;)Lorg/hyperledger/fabric/client/BlockAndPrivateDataEventsBuilder;"
                line="38">
                <counter type="INSTRUCTION" missed="0" covered="11" />
                <counter type="LINE" missed="0" covered="2" />
                <counter type="COMPLEXITY" missed="0" covered="1" />
                <counter type="METHOD" missed="0" covered="1" />
            </method>
            <method name="build"
                desc="()Lorg/hyperledger/fabric/client/BlockAndPrivateDataEventsRequest;" line="44">
                <counter type="INSTRUCTION" missed="0" covered="13" />
                <counter type="LINE" missed="0" covered="2" />
                <counter type="COMPLEXITY" missed="0" covered="1" />
                <counter type="METHOD" missed="0" covered="1" />
            </method>
            <counter type="INSTRUCTION" missed="0" covered="52" />
            <counter type="LINE" missed="0" covered="12" />
            <counter type="COMPLEXITY" missed="0" covered="4" />
            <counter type="METHOD" missed="0" covered="4" />
            <counter type="CLASS" missed="0" covered="1" />
        </class>
        <class name="org/hyperledger/fabric/client/FileCheckpointer"
            sourcefilename="FileCheckpointer.java">
            <method name="&lt;init&gt;" desc="(Ljava/nio/file/Path;)V" line="42">
                <counter type="INSTRUCTION" missed="0" covered="58" />
                <counter type="BRANCH" missed="0" covered="2" />
                <counter type="LINE" missed="0" covered="15" />
                <counter type="COMPLEXITY" missed="0" covered="2" />
                <counter type="METHOD" missed="0" covered="1" />
            </method>
            <method name="lockFile" desc="()Ljava/nio/channels/FileLock;" line="76">
                <counter type="INSTRUCTION" missed="28" covered="9" />
                <counter type="BRANCH" missed="1" covered="1" />
                <counter type="LINE" missed="3" covered="4" />
                <counter type="COMPLEXITY" missed="1" covered="1" />
                <counter type="METHOD" missed="0" covered="1" />
            </method>
            <method name="checkpointBlock" desc="(J)V" line="90">
                <counter type="INSTRUCTION" missed="0" covered="12" />
                <counter type="LINE" missed="0" covered="4" />
                <counter type="COMPLEXITY" missed="0" covered="1" />
                <counter type="METHOD" missed="0" covered="1" />
            </method>
            <method name="checkpointTransaction" desc="(JLjava/lang/String;)V" line="97">
                <counter type="INSTRUCTION" missed="0" covered="11" />
                <counter type="LINE" missed="0" covered="4" />
                <counter type="COMPLEXITY" missed="0" covered="1" />
                <counter type="METHOD" missed="0" covered="1" />
            </method>
            <method name="checkpointChaincodeEvent"
                desc="(Lorg/hyperledger/fabric/client/ChaincodeEvent;)V" line="104">
                <counter type="INSTRUCTION" missed="0" covered="7" />
                <counter type="LINE" missed="0" covered="2" />
                <counter type="COMPLEXITY" missed="0" covered="1" />
                <counter type="METHOD" missed="0" covered="1" />
            </method>
            <method name="getBlockNumber" desc="()Ljava/util/OptionalLong;" line="109">
                <counter type="INSTRUCTION" missed="0" covered="3" />
                <counter type="LINE" missed="0" covered="1" />
                <counter type="COMPLEXITY" missed="0" covered="1" />
                <counter type="METHOD" missed="0" covered="1" />
            </method>
            <method name="getTransactionId" desc="()Ljava/util/Optional;" line="114">
                <counter type="INSTRUCTION" missed="0" covered="3" />
                <counter type="LINE" missed="0" covered="1" />
                <counter type="COMPLEXITY" missed="0" covered="1" />
                <counter type="METHOD" missed="0" covered="1" />
            </method>
            <method name="load" desc="()V" line="118">
                <counter type="INSTRUCTION" missed="0" covered="9" />
                <counter type="BRANCH" missed="1" covered="1" />
                <counter type="LINE" missed="0" covered="4" />
                <counter type="COMPLEXITY" missed="1" covered="1" />
                <counter type="METHOD" missed="0" covered="1" />
            </method>
            <method name="readFile" desc="()Lcom/google/gson/JsonObject;" line="126">
                <counter type="INSTRUCTION" missed="15" covered="18" />
                <counter type="LINE" missed="2" covered="3" />
                <counter type="COMPLEXITY" missed="0" covered="1" />
                <counter type="METHOD" missed="0" covered="1" />
            </method>
            <method name="parseJson" desc="(Lcom/google/gson/JsonObject;)V" line="138">
                <counter type="INSTRUCTION" missed="16" covered="27" />
                <counter type="BRANCH" missed="1" covered="3" />
                <counter type="LINE" missed="2" covered="8" />
                <counter type="COMPLEXITY" missed="1" covered="2" />
                <counter type="METHOD" missed="0" covered="1" />
            </method>
            <method name="save" desc="()V" line="150">
                <counter type="INSTRUCTION" missed="0" covered="19" />
                <counter type="LINE" missed="0" covered="5" />
                <counter type="COMPLEXITY" missed="0" covered="1" />
                <counter type="METHOD" missed="0" covered="1" />
            </method>
            <method name="saveJson" desc="(Lcom/google/gson/JsonObject;)V" line="159">
                <counter type="INSTRUCTION" missed="15" covered="16" />
                <counter type="LINE" missed="2" covered="5" />
                <counter type="COMPLEXITY" missed="0" covered="1" />
                <counter type="METHOD" missed="0" covered="1" />
            </method>
            <method name="buildJson" desc="()Lcom/google/gson/JsonObject;" line="169">
                <counter type="INSTRUCTION" missed="0" covered="16" />
                <counter type="LINE" missed="0" covered="4" />
                <counter type="COMPLEXITY" missed="0" covered="1" />
                <counter type="METHOD" missed="0" covered="1" />
            </method>
            <method name="close" desc="()V" line="181">
                <counter type="INSTRUCTION" missed="0" covered="7" />
                <counter type="LINE" missed="0" covered="3" />
                <counter type="COMPLEXITY" missed="0" covered="1" />
                <counter type="METHOD" missed="0" covered="1" />
            </method>
            <method name="sync" desc="()V" line="190">
                <counter type="INSTRUCTION" missed="5" covered="0" />
                <counter type="LINE" missed="2" covered="0" />
                <counter type="COMPLEXITY" missed="1" covered="0" />
                <counter type="METHOD" missed="1" covered="0" />
            </method>
            <method name="lambda$buildJson$1"
                desc="(Lcom/google/gson/JsonObject;Ljava/lang/String;)V" line="171">
                <counter type="INSTRUCTION" missed="0" covered="5" />
                <counter type="LINE" missed="0" covered="1" />
                <counter type="COMPLEXITY" missed="0" covered="1" />
                <counter type="METHOD" missed="0" covered="1" />
            </method>
            <method name="lambda$buildJson$0" desc="(Lcom/google/gson/JsonObject;J)V" line="170">
                <counter type="INSTRUCTION" missed="0" covered="6" />
                <counter type="LINE" missed="0" covered="1" />
                <counter type="COMPLEXITY" missed="0" covered="1" />
                <counter type="METHOD" missed="0" covered="1" />
            </method>
            <method name="&lt;clinit&gt;" desc="()V" line="39">
                <counter type="INSTRUCTION" missed="0" covered="7" />
                <counter type="LINE" missed="0" covered="2" />
                <counter type="COMPLEXITY" missed="0" covered="1" />
                <counter type="METHOD" missed="0" covered="1" />
            </method>
            <counter type="INSTRUCTION" missed="79" covered="233" />
            <counter type="BRANCH" missed="3" covered="7" />
            <counter type="LINE" missed="11" covered="65" />
            <counter type="COMPLEXITY" missed="4" covered="19" />
            <counter type="METHOD" missed="1" covered="17" />
            <counter type="CLASS" missed="0" covered="1" />
        </class>
        <class name="org/hyperledger/fabric/client/Commit" sourcefilename="Commit.java">
            <method name="getStatus" desc="()Lorg/hyperledger/fabric/client/Status;" line="29">
                <counter type="INSTRUCTION" missed="0" covered="6" />
                <counter type="LINE" missed="0" covered="1" />
                <counter type="COMPLEXITY" missed="0" covered="1" />
                <counter type="METHOD" missed="0" covered="1" />
            </method>
            <method name="getStatus"
                desc="([Lorg/hyperledger/fabric/client/CallOption;)Lorg/hyperledger/fabric/client/Status;"
                line="51">
                <counter type="INSTRUCTION" missed="5" covered="0" />
                <counter type="LINE" missed="1" covered="0" />
                <counter type="COMPLEXITY" missed="1" covered="0" />
                <counter type="METHOD" missed="1" covered="0" />
            </method>
            <counter type="INSTRUCTION" missed="5" covered="6" />
            <counter type="LINE" missed="1" covered="1" />
            <counter type="COMPLEXITY" missed="1" covered="1" />
            <counter type="METHOD" missed="1" covered="1" />
            <counter type="CLASS" missed="0" covered="1" />
        </class>
        <class name="org/hyperledger/fabric/client/SubmittedTransactionImpl"
            sourcefilename="SubmittedTransactionImpl.java">
            <method name="&lt;init&gt;"
                desc="(Lorg/hyperledger/fabric/client/GatewayClient;Lorg/hyperledger/fabric/client/SigningIdentity;Ljava/lang/String;Lorg/hyperledger/fabric/protos/gateway/SignedCommitStatusRequest;Lcom/google/protobuf/ByteString;)V"
                line="21">
                <counter type="INSTRUCTION" missed="0" covered="10" />
                <counter type="LINE" missed="0" covered="3" />
                <counter type="COMPLEXITY" missed="0" covered="1" />
                <counter type="METHOD" missed="0" covered="1" />
            </method>
            <method name="getResult" desc="()[B" line="27">
                <counter type="INSTRUCTION" missed="4" covered="0" />
                <counter type="LINE" missed="1" covered="0" />
                <counter type="COMPLEXITY" missed="1" covered="0" />
                <counter type="METHOD" missed="1" covered="0" />
            </method>
            <counter type="INSTRUCTION" missed="4" covered="10" />
            <counter type="LINE" missed="1" covered="3" />
            <counter type="COMPLEXITY" missed="1" covered="1" />
            <counter type="METHOD" missed="1" covered="1" />
            <counter type="CLASS" missed="0" covered="1" />
        </class>
        <class name="org/hyperledger/fabric/client/CommitStatusException"
            sourcefilename="CommitStatusException.java">
            <method name="&lt;init&gt;" desc="(Ljava/lang/String;Lio/grpc/StatusRuntimeException;)V"
                line="23">
                <counter type="INSTRUCTION" missed="0" covered="5" />
                <counter type="LINE" missed="0" covered="2" />
                <counter type="COMPLEXITY" missed="0" covered="1" />
                <counter type="METHOD" missed="0" covered="1" />
            </method>
            <counter type="INSTRUCTION" missed="0" covered="5" />
            <counter type="LINE" missed="0" covered="2" />
            <counter type="COMPLEXITY" missed="0" covered="1" />
            <counter type="METHOD" missed="0" covered="1" />
            <counter type="CLASS" missed="0" covered="1" />
        </class>
        <class name="org/hyperledger/fabric/client/CommitImpl" sourcefilename="CommitImpl.java">
            <method name="&lt;init&gt;"
                desc="(Lorg/hyperledger/fabric/client/GatewayClient;Lorg/hyperledger/fabric/client/SigningIdentity;Ljava/lang/String;Lorg/hyperledger/fabric/protos/gateway/SignedCommitStatusRequest;)V"
                line="25">
                <counter type="INSTRUCTION" missed="0" covered="15" />
                <counter type="LINE" missed="0" covered="6" />
                <counter type="COMPLEXITY" missed="0" covered="1" />
                <counter type="METHOD" missed="0" covered="1" />
            </method>
            <method name="getBytes" desc="()[B" line="34">
                <counter type="INSTRUCTION" missed="0" covered="4" />
                <counter type="LINE" missed="0" covered="1" />
                <counter type="COMPLEXITY" missed="0" covered="1" />
                <counter type="METHOD" missed="0" covered="1" />
            </method>
            <method name="getDigest" desc="()[B" line="39">
                <counter type="INSTRUCTION" missed="0" covered="10" />
                <counter type="LINE" missed="0" covered="2" />
                <counter type="COMPLEXITY" missed="0" covered="1" />
                <counter type="METHOD" missed="0" covered="1" />
            </method>
            <method name="getTransactionId" desc="()Ljava/lang/String;" line="45">
                <counter type="INSTRUCTION" missed="0" covered="3" />
                <counter type="LINE" missed="0" covered="1" />
                <counter type="COMPLEXITY" missed="0" covered="1" />
                <counter type="METHOD" missed="0" covered="1" />
            </method>
            <method name="getStatus"
                desc="(Ljava/util/function/UnaryOperator;)Lorg/hyperledger/fabric/client/Status;"
                line="50">
                <counter type="INSTRUCTION" missed="0" covered="16" />
                <counter type="LINE" missed="0" covered="3" />
                <counter type="COMPLEXITY" missed="0" covered="1" />
                <counter type="METHOD" missed="0" covered="1" />
            </method>
            <method name="setSignature" desc="([B)V" line="56">
                <counter type="INSTRUCTION" missed="0" covered="10" />
                <counter type="LINE" missed="0" covered="4" />
                <counter type="COMPLEXITY" missed="0" covered="1" />
                <counter type="METHOD" missed="0" covered="1" />
            </method>
            <method name="sign" desc="()V" line="62">
                <counter type="INSTRUCTION" missed="0" covered="16" />
                <counter type="BRANCH" missed="0" covered="2" />
                <counter type="LINE" missed="0" covered="6" />
                <counter type="COMPLEXITY" missed="0" covered="2" />
                <counter type="METHOD" missed="0" covered="1" />
            </method>
            <method name="isSigned" desc="()Z" line="72">
                <counter type="INSTRUCTION" missed="0" covered="9" />
                <counter type="BRANCH" missed="0" covered="2" />
                <counter type="LINE" missed="0" covered="1" />
                <counter type="COMPLEXITY" missed="0" covered="2" />
                <counter type="METHOD" missed="0" covered="1" />
            </method>
            <counter type="INSTRUCTION" missed="0" covered="83" />
            <counter type="BRANCH" missed="0" covered="4" />
            <counter type="LINE" missed="0" covered="24" />
            <counter type="COMPLEXITY" missed="0" covered="10" />
            <counter type="METHOD" missed="0" covered="8" />
            <counter type="CLASS" missed="0" covered="1" />
        </class>
        <class name="org/hyperledger/fabric/client/FilteredBlockEventsRequest"
            sourcefilename="FilteredBlockEventsRequest.java" />
        <class name="org/hyperledger/fabric/client/ChaincodeEventsRequest$Builder"
            sourcefilename="ChaincodeEventsRequest.java" />
        <class name="org/hyperledger/fabric/client/ProposalImpl" sourcefilename="ProposalImpl.java">
            <method name="&lt;init&gt;"
                desc="(Lorg/hyperledger/fabric/client/GatewayClient;Lorg/hyperledger/fabric/client/SigningIdentity;Ljava/lang/String;Lorg/hyperledger/fabric/protos/gateway/ProposedTransaction;)V"
                line="29">
                <counter type="INSTRUCTION" missed="0" covered="15" />
                <counter type="LINE" missed="0" covered="6" />
                <counter type="COMPLEXITY" missed="0" covered="1" />
                <counter type="METHOD" missed="0" covered="1" />
            </method>
            <method name="getTransactionId" desc="()Ljava/lang/String;" line="38">
                <counter type="INSTRUCTION" missed="0" covered="4" />
                <counter type="LINE" missed="0" covered="1" />
                <counter type="COMPLEXITY" missed="0" covered="1" />
                <counter type="METHOD" missed="0" covered="1" />
            </method>
            <method name="getBytes" desc="()[B" line="43">
                <counter type="INSTRUCTION" missed="0" covered="4" />
                <counter type="LINE" missed="0" covered="1" />
                <counter type="COMPLEXITY" missed="0" covered="1" />
                <counter type="METHOD" missed="0" covered="1" />
            </method>
            <method name="getDigest" desc="()[B" line="48">
                <counter type="INSTRUCTION" missed="0" covered="11" />
                <counter type="LINE" missed="0" covered="2" />
                <counter type="COMPLEXITY" missed="0" covered="1" />
                <counter type="METHOD" missed="0" covered="1" />
            </method>
            <method name="evaluate" desc="(Ljava/util/function/UnaryOperator;)[B" line="54">
                <counter type="INSTRUCTION" missed="0" covered="29" />
                <counter type="LINE" missed="0" covered="11" />
                <counter type="COMPLEXITY" missed="0" covered="1" />
                <counter type="METHOD" missed="0" covered="1" />
            </method>
            <method name="endorse"
                desc="(Ljava/util/function/UnaryOperator;)Lorg/hyperledger/fabric/client/Transaction;"
                line="69">
                <counter type="INSTRUCTION" missed="0" covered="45" />
                <counter type="LINE" missed="0" covered="13" />
                <counter type="COMPLEXITY" missed="0" covered="1" />
                <counter type="METHOD" missed="0" covered="1" />
            </method>
            <method name="setSignature" desc="([B)V" line="86">
                <counter type="INSTRUCTION" missed="0" covered="18" />
                <counter type="LINE" missed="0" covered="6" />
                <counter type="COMPLEXITY" missed="0" covered="1" />
                <counter type="METHOD" missed="0" covered="1" />
            </method>
            <method name="sign" desc="()V" line="95">
                <counter type="INSTRUCTION" missed="0" covered="16" />
                <counter type="BRANCH" missed="0" covered="2" />
                <counter type="LINE" missed="0" covered="6" />
                <counter type="COMPLEXITY" missed="0" covered="2" />
                <counter type="METHOD" missed="0" covered="1" />
            </method>
            <method name="isSigned" desc="()Z" line="105">
                <counter type="INSTRUCTION" missed="0" covered="10" />
                <counter type="BRANCH" missed="0" covered="2" />
                <counter type="LINE" missed="0" covered="1" />
                <counter type="COMPLEXITY" missed="0" covered="2" />
                <counter type="METHOD" missed="0" covered="1" />
            </method>
            <counter type="INSTRUCTION" missed="0" covered="152" />
            <counter type="BRANCH" missed="0" covered="4" />
            <counter type="LINE" missed="0" covered="47" />
            <counter type="COMPLEXITY" missed="0" covered="11" />
            <counter type="METHOD" missed="0" covered="9" />
            <counter type="CLASS" missed="0" covered="1" />
        </class>
        <class name="org/hyperledger/fabric/client/CloseableIterator"
            sourcefilename="CloseableIterator.java" />
        <class name="org/hyperledger/fabric/client/GatewayUtils" sourcefilename="GatewayUtils.java">
            <method name="toString" desc="(Ljava/lang/Object;)Ljava/lang/String;" line="32">
                <counter type="INSTRUCTION" missed="19" covered="0" />
                <counter type="BRANCH" missed="2" covered="0" />
                <counter type="LINE" missed="3" covered="0" />
                <counter type="COMPLEXITY" missed="2" covered="0" />
                <counter type="METHOD" missed="1" covered="0" />
            </method>
            <method name="toString" desc="(Ljava/lang/Object;[Ljava/lang/String;)Ljava/lang/String;"
                line="38">
                <counter type="INSTRUCTION" missed="17" covered="0" />
                <counter type="LINE" missed="1" covered="0" />
                <counter type="COMPLEXITY" missed="1" covered="0" />
                <counter type="METHOD" missed="1" covered="0" />
            </method>
            <method name="concat" desc="([[B)[B" line="42">
                <counter type="INSTRUCTION" missed="6" covered="35" />
                <counter type="BRANCH" missed="0" covered="2" />
                <counter type="LINE" missed="2" covered="5" />
                <counter type="COMPLEXITY" missed="0" covered="2" />
                <counter type="METHOD" missed="0" covered="1" />
            </method>
            <method name="newSerializedIdentity"
                desc="(Lorg/hyperledger/fabric/client/identity/Identity;)Lorg/hyperledger/fabric/protos/msp/SerializedIdentity;"
                line="54">
                <counter type="INSTRUCTION" missed="0" covered="10" />
                <counter type="LINE" missed="0" covered="4" />
                <counter type="COMPLEXITY" missed="0" covered="1" />
                <counter type="METHOD" missed="0" covered="1" />
            </method>
            <method name="requireNonNullArgument" desc="(Ljava/lang/Object;Ljava/lang/String;)V"
                line="61">
                <counter type="INSTRUCTION" missed="0" covered="9" />
                <counter type="BRANCH" missed="0" covered="2" />
                <counter type="LINE" missed="0" covered="3" />
                <counter type="COMPLEXITY" missed="0" covered="2" />
                <counter type="METHOD" missed="0" covered="1" />
            </method>
            <method name="getCurrentTimestamp" desc="()Lcom/google/protobuf/Timestamp;" line="67">
                <counter type="INSTRUCTION" missed="0" covered="11" />
                <counter type="LINE" missed="0" covered="5" />
                <counter type="COMPLEXITY" missed="0" covered="1" />
                <counter type="METHOD" missed="0" covered="1" />
            </method>
            <method name="seekLargestBlockNumber"
                desc="()Lorg/hyperledger/fabric/protos/orderer/SeekPosition;" line="76">
                <counter type="INSTRUCTION" missed="0" covered="10" />
                <counter type="LINE" missed="0" covered="2" />
                <counter type="COMPLEXITY" missed="0" covered="1" />
                <counter type="METHOD" missed="0" covered="1" />
            </method>
            <method name="asCallOptions"
                desc="([Lorg/hyperledger/fabric/client/CallOption;)Ljava/util/function/UnaryOperator;"
                line="83">
                <counter type="INSTRUCTION" missed="0" covered="8" />
                <counter type="BRANCH" missed="0" covered="2" />
                <counter type="LINE" missed="0" covered="3" />
                <counter type="COMPLEXITY" missed="0" covered="2" />
                <counter type="METHOD" missed="0" covered="1" />
            </method>
            <method name="lambda$asCallOptions$1"
                desc="([Lorg/hyperledger/fabric/client/CallOption;Lio/grpc/CallOptions;)Lio/grpc/CallOptions;"
                line="88">
                <counter type="INSTRUCTION" missed="0" covered="22" />
                <counter type="BRANCH" missed="0" covered="2" />
                <counter type="LINE" missed="0" covered="3" />
                <counter type="COMPLEXITY" missed="0" covered="2" />
                <counter type="METHOD" missed="0" covered="1" />
            </method>
            <method name="lambda$concat$0" desc="([B)I" line="42">
                <counter type="INSTRUCTION" missed="0" covered="3" />
                <counter type="LINE" missed="0" covered="1" />
                <counter type="COMPLEXITY" missed="0" covered="1" />
                <counter type="METHOD" missed="0" covered="1" />
            </method>
            <counter type="INSTRUCTION" missed="42" covered="108" />
            <counter type="BRANCH" missed="2" covered="8" />
            <counter type="LINE" missed="6" covered="25" />
            <counter type="COMPLEXITY" missed="3" covered="12" />
            <counter type="METHOD" missed="2" covered="8" />
            <counter type="CLASS" missed="0" covered="1" />
        </class>
        <class name="org/hyperledger/fabric/client/EndorseException"
            sourcefilename="EndorseException.java">
            <method name="&lt;init&gt;" desc="(Ljava/lang/String;Lio/grpc/StatusRuntimeException;)V"
                line="23">
                <counter type="INSTRUCTION" missed="0" covered="5" />
                <counter type="LINE" missed="0" covered="2" />
                <counter type="COMPLEXITY" missed="0" covered="1" />
                <counter type="METHOD" missed="0" covered="1" />
            </method>
            <counter type="INSTRUCTION" missed="0" covered="5" />
            <counter type="LINE" missed="0" covered="2" />
            <counter type="COMPLEXITY" missed="0" covered="1" />
            <counter type="METHOD" missed="0" covered="1" />
            <counter type="CLASS" missed="0" covered="1" />
        </class>
        <class name="org/hyperledger/fabric/client/ChaincodeEventsRequestImpl"
            sourcefilename="ChaincodeEventsRequestImpl.java">
            <method name="&lt;init&gt;"
                desc="(Lorg/hyperledger/fabric/client/GatewayClient;Lorg/hyperledger/fabric/client/SigningIdentity;Lorg/hyperledger/fabric/protos/gateway/SignedChaincodeEventsRequest;)V"
                line="23">
                <counter type="INSTRUCTION" missed="0" covered="12" />
                <counter type="LINE" missed="0" covered="5" />
                <counter type="COMPLEXITY" missed="0" covered="1" />
                <counter type="METHOD" missed="0" covered="1" />
            </method>
            <method name="getEvents"
                desc="(Ljava/util/function/UnaryOperator;)Lorg/hyperledger/fabric/client/CloseableIterator;"
                line="31">
                <counter type="INSTRUCTION" missed="0" covered="14" />
                <counter type="LINE" missed="0" covered="3" />
                <counter type="COMPLEXITY" missed="0" covered="1" />
                <counter type="METHOD" missed="0" covered="1" />
            </method>
            <method name="getBytes" desc="()[B" line="38">
                <counter type="INSTRUCTION" missed="0" covered="4" />
                <counter type="LINE" missed="0" covered="1" />
                <counter type="COMPLEXITY" missed="0" covered="1" />
                <counter type="METHOD" missed="0" covered="1" />
            </method>
            <method name="getDigest" desc="()[B" line="43">
                <counter type="INSTRUCTION" missed="0" covered="10" />
                <counter type="LINE" missed="0" covered="2" />
                <counter type="COMPLEXITY" missed="0" covered="1" />
                <counter type="METHOD" missed="0" covered="1" />
            </method>
            <method name="setSignature" desc="([B)V" line="48">
                <counter type="INSTRUCTION" missed="0" covered="10" />
                <counter type="LINE" missed="0" covered="4" />
                <counter type="COMPLEXITY" missed="0" covered="1" />
                <counter type="METHOD" missed="0" covered="1" />
            </method>
            <method name="sign" desc="()V" line="54">
                <counter type="INSTRUCTION" missed="0" covered="16" />
                <counter type="BRANCH" missed="0" covered="2" />
                <counter type="LINE" missed="0" covered="6" />
                <counter type="COMPLEXITY" missed="0" covered="2" />
                <counter type="METHOD" missed="0" covered="1" />
            </method>
            <method name="isSigned" desc="()Z" line="64">
                <counter type="INSTRUCTION" missed="0" covered="9" />
                <counter type="BRANCH" missed="0" covered="2" />
                <counter type="LINE" missed="0" covered="1" />
                <counter type="COMPLEXITY" missed="0" covered="2" />
                <counter type="METHOD" missed="0" covered="1" />
            </method>
            <counter type="INSTRUCTION" missed="0" covered="75" />
            <counter type="BRANCH" missed="0" covered="4" />
            <counter type="LINE" missed="0" covered="22" />
            <counter type="COMPLEXITY" missed="0" covered="9" />
            <counter type="METHOD" missed="0" covered="7" />
            <counter type="CLASS" missed="0" covered="1" />
        </class>
        <class name="org/hyperledger/fabric/client/SigningIdentity"
            sourcefilename="SigningIdentity.java">
            <method name="&lt;init&gt;"
                desc="(Lorg/hyperledger/fabric/client/identity/Identity;Ljava/util/function/Function;Lorg/hyperledger/fabric/client/identity/Signer;)V"
                line="22">
                <counter type="INSTRUCTION" missed="0" covered="28" />
                <counter type="LINE" missed="0" covered="9" />
                <counter type="COMPLEXITY" missed="0" covered="1" />
                <counter type="METHOD" missed="0" covered="1" />
            </method>
            <method name="getIdentity" desc="()Lorg/hyperledger/fabric/client/identity/Identity;"
                line="35">
                <counter type="INSTRUCTION" missed="0" covered="3" />
                <counter type="LINE" missed="0" covered="1" />
                <counter type="COMPLEXITY" missed="0" covered="1" />
                <counter type="METHOD" missed="0" covered="1" />
            </method>
            <method name="hash" desc="([B)[B" line="39">
                <counter type="INSTRUCTION" missed="0" covered="6" />
                <counter type="LINE" missed="0" covered="1" />
                <counter type="COMPLEXITY" missed="0" covered="1" />
                <counter type="METHOD" missed="0" covered="1" />
            </method>
            <method name="sign" desc="([B)[B" line="44">
                <counter type="INSTRUCTION" missed="6" covered="5" />
                <counter type="LINE" missed="2" covered="1" />
                <counter type="COMPLEXITY" missed="0" covered="1" />
                <counter type="METHOD" missed="0" covered="1" />
            </method>
            <method name="getCreator" desc="()[B" line="51">
                <counter type="INSTRUCTION" missed="0" covered="4" />
                <counter type="LINE" missed="0" covered="1" />
                <counter type="COMPLEXITY" missed="0" covered="1" />
                <counter type="METHOD" missed="0" covered="1" />
            </method>
            <counter type="INSTRUCTION" missed="6" covered="46" />
            <counter type="LINE" missed="2" covered="13" />
            <counter type="COMPLEXITY" missed="0" covered="5" />
            <counter type="METHOD" missed="0" covered="5" />
            <counter type="CLASS" missed="0" covered="1" />
        </class>
        <class name="org/hyperledger/fabric/client/TransactionImpl"
            sourcefilename="TransactionImpl.java">
            <method name="&lt;init&gt;"
                desc="(Lorg/hyperledger/fabric/client/GatewayClient;Lorg/hyperledger/fabric/client/SigningIdentity;Lorg/hyperledger/fabric/protos/gateway/PreparedTransaction;)V"
                line="28">
                <counter type="INSTRUCTION" missed="0" covered="26" />
                <counter type="LINE" missed="0" covered="8" />
                <counter type="COMPLEXITY" missed="0" covered="1" />
                <counter type="METHOD" missed="0" covered="1" />
            </method>
            <method name="getResult" desc="()[B" line="40">
                <counter type="INSTRUCTION" missed="0" covered="4" />
                <counter type="LINE" missed="0" covered="1" />
                <counter type="COMPLEXITY" missed="0" covered="1" />
                <counter type="METHOD" missed="0" covered="1" />
            </method>
            <method name="getBytes" desc="()[B" line="45">
                <counter type="INSTRUCTION" missed="0" covered="4" />
                <counter type="LINE" missed="0" covered="1" />
                <counter type="COMPLEXITY" missed="0" covered="1" />
                <counter type="METHOD" missed="0" covered="1" />
            </method>
            <method name="getDigest" desc="()[B" line="50">
                <counter type="INSTRUCTION" missed="0" covered="11" />
                <counter type="LINE" missed="0" covered="2" />
                <counter type="COMPLEXITY" missed="0" covered="1" />
                <counter type="METHOD" missed="0" covered="1" />
            </method>
            <method name="getTransactionId" desc="()Ljava/lang/String;" line="56">
                <counter type="INSTRUCTION" missed="0" covered="4" />
                <counter type="LINE" missed="0" covered="1" />
                <counter type="COMPLEXITY" missed="0" covered="1" />
                <counter type="METHOD" missed="0" covered="1" />
            </method>
            <method name="submit" desc="(Ljava/util/function/UnaryOperator;)[B" line="62">
                <counter type="INSTRUCTION" missed="0" covered="17" />
                <counter type="BRANCH" missed="0" covered="2" />
                <counter type="LINE" missed="0" covered="4" />
                <counter type="COMPLEXITY" missed="0" covered="2" />
                <counter type="METHOD" missed="0" covered="1" />
            </method>
            <method name="submitAsync"
                desc="(Ljava/util/function/UnaryOperator;)Lorg/hyperledger/fabric/client/SubmittedTransaction;"
[...]
            <line nr="115" mi="0" ci="4" mb="0" cb="0" />
            <line nr="116" mi="0" ci="3" mb="0" cb="0" />
            <line nr="117" mi="0" ci="3" mb="0" cb="0" />
            <line nr="118" mi="0" ci="1" mb="0" cb="0" />
            <line nr="119" mi="0" ci="1" mb="0" cb="0" />
            <counter type="INSTRUCTION" missed="0" covered="170" />
            <counter type="BRANCH" missed="0" covered="6" />
            <counter type="LINE" missed="0" covered="48" />
            <counter type="COMPLEXITY" missed="0" covered="15" />
            <counter type="METHOD" missed="0" covered="12" />
            <counter type="CLASS" missed="0" covered="1" />
        </sourcefile>
        <sourcefile name="Status.java" />
        <sourcefile name="MappingCloseableIterator.java">
            <line nr="15" mi="0" ci="2" mb="0" cb="0" />
            <line nr="16" mi="0" ci="3" mb="0" cb="0" />
            <line nr="17" mi="0" ci="3" mb="0" cb="0" />
            <line nr="18" mi="0" ci="1" mb="0" cb="0" />
            <line nr="22" mi="0" ci="3" mb="0" cb="0" />
            <line nr="23" mi="0" ci="1" mb="0" cb="0" />
            <line nr="27" mi="0" ci="4" mb="0" cb="0" />
            <line nr="32" mi="0" ci="4" mb="0" cb="0" />
            <line nr="33" mi="0" ci="5" mb="0" cb="0" />
            <counter type="INSTRUCTION" missed="0" covered="26" />
            <counter type="LINE" missed="0" covered="9" />
            <counter type="COMPLEXITY" missed="0" covered="4" />
            <counter type="METHOD" missed="0" covered="4" />
            <counter type="CLASS" missed="0" covered="1" />
        </sourcefile>
        <sourcefile name="CommitImpl.java">
            <line nr="25" mi="0" ci="2" mb="0" cb="0" />
            <line nr="26" mi="0" ci="3" mb="0" cb="0" />
            <line nr="27" mi="0" ci="3" mb="0" cb="0" />
            <line nr="28" mi="0" ci="3" mb="0" cb="0" />
            <line nr="29" mi="0" ci="3" mb="0" cb="0" />
            <line nr="30" mi="0" ci="1" mb="0" cb="0" />
            <line nr="34" mi="0" ci="4" mb="0" cb="0" />
            <line nr="39" mi="0" ci="5" mb="0" cb="0" />
            <line nr="40" mi="0" ci="5" mb="0" cb="0" />
            <line nr="45" mi="0" ci="3" mb="0" cb="0" />
            <line nr="50" mi="0" ci="2" mb="0" cb="0" />
            <line nr="51" mi="0" ci="7" mb="0" cb="0" />
            <line nr="52" mi="0" ci="7" mb="0" cb="0" />
            <line nr="56" mi="0" ci="5" mb="0" cb="0" />
            <line nr="57" mi="0" ci="2" mb="0" cb="0" />
            <line nr="58" mi="0" ci="2" mb="0" cb="0" />
            <line nr="59" mi="0" ci="1" mb="0" cb="0" />
            <line nr="62" mi="0" ci="3" mb="0" cb="2" />
            <line nr="63" mi="0" ci="1" mb="0" cb="0" />
            <line nr="66" mi="0" ci="3" mb="0" cb="0" />
            <line nr="67" mi="0" ci="5" mb="0" cb="0" />
            <line nr="68" mi="0" ci="3" mb="0" cb="0" />
            <line nr="69" mi="0" ci="1" mb="0" cb="0" />
            <line nr="72" mi="0" ci="9" mb="0" cb="2" />
            <counter type="INSTRUCTION" missed="0" covered="83" />
            <counter type="BRANCH" missed="0" covered="4" />
            <counter type="LINE" missed="0" covered="24" />
            <counter type="COMPLEXITY" missed="0" covered="10" />
            <counter type="METHOD" missed="0" covered="8" />
            <counter type="CLASS" missed="0" covered="1" />
        </sourcefile>
        <sourcefile name="ChaincodeEventsRequest.java" />
        <sourcefile name="NetworkImpl.java">
            <line nr="27" mi="0" ci="2" mb="0" cb="0" />
            <line nr="28" mi="0" ci="4" mb="0" cb="0" />
            <line nr="30" mi="0" ci="3" mb="0" cb="0" />
            <line nr="31" mi="0" ci="3" mb="0" cb="0" />
            <line nr="32" mi="0" ci="3" mb="0" cb="0" />
            <line nr="33" mi="0" ci="3" mb="0" cb="0" />
            <line nr="34" mi="0" ci="1" mb="0" cb="0" />
            <line nr="38" mi="0" ci="12" mb="0" cb="0" />
            <line nr="43" mi="0" ci="11" mb="0" cb="0" />
            <line nr="48" mi="0" ci="3" mb="0" cb="0" />
            <line nr="54" mi="0" ci="7" mb="0" cb="0" />
            <line nr="59" mi="0" ci="11" mb="0" cb="0" />
            <line nr="64" mi="0" ci="6" mb="0" cb="0" />
            <line nr="69" mi="0" ci="12" mb="0" cb="0" />
            <line nr="74" mi="0" ci="6" mb="0" cb="0" />
            <line nr="79" mi="0" ci="12" mb="0" cb="0" />
            <line nr="85" mi="0" ci="6" mb="0" cb="0" />
            <line nr="90" mi="0" ci="12" mb="0" cb="0" />
            <counter type="INSTRUCTION" missed="0" covered="117" />
            <counter type="LINE" missed="0" covered="18" />
            <counter type="COMPLEXITY" missed="0" covered="12" />
            <counter type="METHOD" missed="0" covered="12" />
            <counter type="CLASS" missed="0" covered="1" />
        </sourcefile>
        <sourcefile name="SubmittedTransactionImpl.java">
            <line nr="21" mi="0" ci="6" mb="0" cb="0" />
            <line nr="22" mi="0" ci="3" mb="0" cb="0" />
            <line nr="23" mi="0" ci="1" mb="0" cb="0" />
            <line nr="27" mi="4" ci="0" mb="0" cb="0" />
            <counter type="INSTRUCTION" missed="4" covered="10" />
            <counter type="LINE" missed="1" covered="3" />
            <counter type="COMPLEXITY" missed="1" covered="1" />
            <counter type="METHOD" missed="1" covered="1" />
            <counter type="CLASS" missed="0" covered="1" />
        </sourcefile>
        <sourcefile name="TransactionException.java">
            <line nr="25" mi="0" ci="3" mb="0" cb="0" />
            <line nr="26" mi="0" ci="3" mb="0" cb="0" />
            <line nr="27" mi="0" ci="1" mb="0" cb="0" />
            <line nr="34" mi="0" ci="3" mb="0" cb="0" />
            <counter type="INSTRUCTION" missed="0" covered="10" />
            <counter type="LINE" missed="0" covered="4" />
            <counter type="COMPLEXITY" missed="0" covered="2" />
            <counter type="METHOD" missed="0" covered="2" />
            <counter type="CLASS" missed="0" covered="1" />
        </sourcefile>
        <sourcefile name="GatewayRuntimeException.java">
            <line nr="28" mi="0" ci="3" mb="0" cb="0" />
            <line nr="29" mi="0" ci="9" mb="0" cb="0" />
            <line nr="30" mi="0" ci="1" mb="0" cb="0" />
            <line nr="37" mi="0" ci="4" mb="0" cb="0" />
            <line nr="45" mi="4" ci="0" mb="0" cb="0" />
            <counter type="INSTRUCTION" missed="4" covered="17" />
            <counter type="LINE" missed="1" covered="4" />
            <counter type="COMPLEXITY" missed="1" covered="2" />
            <counter type="METHOD" missed="1" covered="2" />
            <counter type="CLASS" missed="0" covered="1" />
        </sourcefile>
        <sourcefile name="InMemoryCheckpointer.java">
            <line nr="16" mi="0" ci="2" mb="0" cb="0" />
            <line nr="18" mi="0" ci="4" mb="0" cb="0" />
            <line nr="23" mi="0" ci="6" mb="0" cb="0" />
            <line nr="24" mi="0" ci="1" mb="0" cb="0" />
            <line nr="28" mi="0" ci="4" mb="0" cb="0" />
            <line nr="29" mi="0" ci="3" mb="0" cb="0" />
            <line nr="30" mi="0" ci="1" mb="0" cb="0" />
            <line nr="34" mi="0" ci="6" mb="0" cb="0" />
            <line nr="35" mi="0" ci="1" mb="0" cb="0" />
            <line nr="39" mi="0" ci="3" mb="0" cb="0" />
            <line nr="44" mi="0" ci="4" mb="0" cb="0" />
            <counter type="INSTRUCTION" missed="0" covered="35" />
            <counter type="LINE" missed="0" covered="11" />
            <counter type="COMPLEXITY" missed="0" covered="6" />
            <counter type="METHOD" missed="0" covered="6" />
            <counter type="CLASS" missed="0" covered="1" />
        </sourcefile>
        <sourcefile name="FilteredBlockEventsBuilder.java">
            <line nr="22" mi="0" ci="2" mb="0" cb="0" />
            <line nr="23" mi="0" ci="4" mb="0" cb="0" />
            <line nr="25" mi="0" ci="3" mb="0" cb="0" />
            <line nr="26" mi="0" ci="3" mb="0" cb="0" />
            <line nr="27" mi="0" ci="8" mb="0" cb="0" />
            <line nr="28" mi="0" ci="1" mb="0" cb="0" />
            <line nr="32" mi="0" ci="5" mb="0" cb="0" />
            <line nr="33" mi="0" ci="2" mb="0" cb="0" />
            <line nr="38" mi="0" ci="9" mb="0" cb="0" />
            <line nr="39" mi="0" ci="2" mb="0" cb="0" />
            <line nr="44" mi="0" ci="4" mb="0" cb="0" />
            <line nr="45" mi="0" ci="9" mb="0" cb="0" />
            <counter type="INSTRUCTION" missed="0" covered="52" />
            <counter type="LINE" missed="0" covered="12" />
            <counter type="COMPLEXITY" missed="0" covered="4" />
            <counter type="METHOD" missed="0" covered="4" />
            <counter type="CLASS" missed="0" covered="1" />
        </sourcefile>
        <sourcefile name="ProposalImpl.java">
            <line nr="29" mi="0" ci="2" mb="0" cb="0" />
            <line nr="30" mi="0" ci="3" mb="0" cb="0" />
            <line nr="31" mi="0" ci="3" mb="0" cb="0" />
            <line nr="32" mi="0" ci="3" mb="0" cb="0" />
            <line nr="33" mi="0" ci="3" mb="0" cb="0" />
            <line nr="34" mi="0" ci="1" mb="0" cb="0" />
            <line nr="38" mi="0" ci="4" mb="0" cb="0" />
            <line nr="43" mi="0" ci="4" mb="0" cb="0" />
            <line nr="48" mi="0" ci="6" mb="0" cb="0" />
            <line nr="49" mi="0" ci="5" mb="0" cb="0" />
            <line nr="54" mi="0" ci="2" mb="0" cb="0" />
            <line nr="55" mi="0" ci="3" mb="0" cb="0" />
            <line nr="56" mi="0" ci="4" mb="0" cb="0" />
            <line nr="57" mi="0" ci="3" mb="0" cb="0" />
            <line nr="58" mi="0" ci="4" mb="0" cb="0" />
            <line nr="59" mi="0" ci="2" mb="0" cb="0" />
            <line nr="60" mi="0" ci="2" mb="0" cb="0" />
            <line nr="61" mi="0" ci="6" mb="0" cb="0" />
            <line nr="62" mi="0" ci="1" mb="0" cb="0" />
            <line nr="63" mi="0" ci="1" mb="0" cb="0" />
            <line nr="64" mi="0" ci="1" mb="0" cb="0" />
            <line nr="69" mi="0" ci="2" mb="0" cb="0" />
            <line nr="70" mi="0" ci="3" mb="0" cb="0" />
            <line nr="71" mi="0" ci="4" mb="0" cb="0" />
            <line nr="72" mi="0" ci="3" mb="0" cb="0" />
            <line nr="73" mi="0" ci="4" mb="0" cb="0" />
            <line nr="74" mi="0" ci="2" mb="0" cb="0" />
            <line nr="75" mi="0" ci="2" mb="0" cb="0" />
            <line nr="76" mi="0" ci="6" mb="0" cb="0" />
            <line nr="78" mi="0" ci="3" mb="0" cb="0" />
            <line nr="79" mi="0" ci="3" mb="0" cb="0" />
            <line nr="80" mi="0" ci="2" mb="0" cb="0" />
            <line nr="81" mi="0" ci="2" mb="0" cb="0" />
            <line nr="82" mi="0" ci="9" mb="0" cb="0" />
            <line nr="86" mi="0" ci="5" mb="0" cb="0" />
            <line nr="87" mi="0" ci="2" mb="0" cb="0" />
            <line nr="88" mi="0" ci="2" mb="0" cb="0" />
            <line nr="90" mi="0" ci="3" mb="0" cb="0" />
            <line nr="91" mi="0" ci="5" mb="0" cb="0" />
            <line nr="92" mi="0" ci="1" mb="0" cb="0" />
            <line nr="95" mi="0" ci="3" mb="0" cb="2" />
            <line nr="96" mi="0" ci="1" mb="0" cb="0" />
            <line nr="99" mi="0" ci="3" mb="0" cb="0" />
            <line nr="100" mi="0" ci="5" mb="0" cb="0" />
            <line nr="101" mi="0" ci="3" mb="0" cb="0" />
            <line nr="102" mi="0" ci="1" mb="0" cb="0" />
            <line nr="105" mi="0" ci="10" mb="0" cb="2" />
            <counter type="INSTRUCTION" missed="0" covered="152" />
            <counter type="BRANCH" missed="0" covered="4" />
            <counter type="LINE" missed="0" covered="47" />
            <counter type="COMPLEXITY" missed="0" covered="11" />
            <counter type="METHOD" missed="0" covered="9" />
            <counter type="CLASS" missed="0" covered="1" />
        </sourcefile>
        <sourcefile name="ChaincodeEventImpl.java">
            <line nr="20" mi="0" ci="2" mb="0" cb="0" />
            <line nr="21" mi="0" ci="3" mb="0" cb="0" />
            <line nr="22" mi="0" ci="4" mb="0" cb="0" />
            <line nr="23" mi="0" ci="4" mb="0" cb="0" />
            <line nr="24" mi="0" ci="4" mb="0" cb="0" />
            <line nr="25" mi="0" ci="4" mb="0" cb="0" />
            <line nr="26" mi="0" ci="8" mb="0" cb="0" />
            <line nr="27" mi="0" ci="17" mb="0" cb="0" />
            <line nr="31" mi="0" ci="1" mb="0" cb="0" />
            <line nr="35" mi="0" ci="3" mb="0" cb="0" />
            <line nr="40" mi="0" ci="3" mb="0" cb="0" />
            <line nr="45" mi="3" ci="0" mb="0" cb="0" />
            <line nr="50" mi="3" ci="0" mb="0" cb="0" />
            <line nr="55" mi="4" ci="0" mb="0" cb="0" />
            <line nr="60" mi="0" ci="3" mb="1" cb="1" />
            <line nr="61" mi="2" ci="0" mb="0" cb="0" />
            <line nr="64" mi="0" ci="3" mb="0" cb="0" />
            <line nr="66" mi="0" ci="11" mb="0" cb="2" />
            <line nr="67" mi="0" ci="6" mb="0" cb="2" />
            <line nr="68" mi="0" ci="6" mb="1" cb="1" />
            <line nr="69" mi="0" ci="6" mb="1" cb="1" />
            <line nr="70" mi="0" ci="5" mb="1" cb="1" />
            <line nr="75" mi="3" ci="0" mb="0" cb="0" />
            <line nr="80" mi="65" ci="0" mb="0" cb="0" />
            <counter type="INSTRUCTION" missed="80" covered="93" />
            <counter type="BRANCH" missed="4" covered="8" />
            <counter type="LINE" missed="6" covered="18" />
            <counter type="COMPLEXITY" missed="9" covered="6" />
            <counter type="METHOD" missed="5" covered="4" />
            <counter type="CLASS" missed="0" covered="1" />
        </sourcefile>
        <sourcefile name="SigningIdentity.java">
            <line nr="22" mi="0" ci="2" mb="0" cb="0" />
            <line nr="23" mi="0" ci="3" mb="0" cb="0" />
            <line nr="24" mi="0" ci="3" mb="0" cb="0" />
            <line nr="25" mi="0" ci="3" mb="0" cb="0" />
            <line nr="27" mi="0" ci="4" mb="0" cb="0" />
            <line nr="28" mi="0" ci="4" mb="0" cb="0" />
            <line nr="29" mi="0" ci="4" mb="0" cb="0" />
            <line nr="31" mi="0" ci="4" mb="0" cb="0" />
            <line nr="32" mi="0" ci="1" mb="0" cb="0" />
            <line nr="35" mi="0" ci="3" mb="0" cb="0" />
            <line nr="39" mi="0" ci="6" mb="0" cb="0" />
            <line nr="44" mi="0" ci="5" mb="0" cb="0" />
            <line nr="45" mi="1" ci="0" mb="0" cb="0" />
            <line nr="46" mi="5" ci="0" mb="0" cb="0" />
            <line nr="51" mi="0" ci="4" mb="0" cb="0" />
            <counter type="INSTRUCTION" missed="6" covered="46" />
            <counter type="LINE" missed="2" covered="13" />
            <counter type="COMPLEXITY" missed="0" covered="5" />
            <counter type="METHOD" missed="0" covered="5" />
            <counter type="CLASS" missed="0" covered="1" />
        </sourcefile>
        <sourcefile name="Checkpoint.java" />
        <sourcefile name="TransactionEnvelopeParser.java">
            <line nr="26" mi="0" ci="2" mb="0" cb="0" />
            <line nr="28" mi="0" ci="4" mb="0" cb="0" />
            <line nr="29" mi="0" ci="6" mb="0" cb="0" />
            <line nr="30" mi="0" ci="5" mb="0" cb="0" />
            <line nr="31" mi="1" ci="0" mb="0" cb="0" />
            <line nr="32" mi="6" ci="0" mb="0" cb="0" />
            <line nr="33" mi="0" ci="1" mb="0" cb="0" />
            <line nr="34" mi="0" ci="1" mb="0" cb="0" />
            <line nr="37" mi="0" ci="3" mb="0" cb="0" />
            <line nr="41" mi="0" ci="3" mb="0" cb="0" />
            <line nr="45" mi="0" ci="4" mb="0" cb="0" />
            <line nr="46" mi="0" ci="3" mb="0" cb="0" />
            <line nr="50" mi="0" ci="1" mb="0" cb="0" />
            <line nr="51" mi="0" ci="3" mb="0" cb="0" />
            <line nr="53" mi="0" ci="4" mb="0" cb="0" />
            <line nr="55" mi="0" ci="11" mb="1" cb="1" />
            <line nr="57" mi="0" ci="4" mb="0" cb="0" />
            <line nr="58" mi="1" ci="0" mb="0" cb="0" />
            <line nr="59" mi="4" ci="0" mb="0" cb="0" />
            <line nr="61" mi="1" ci="0" mb="0" cb="0" />
            <line nr="63" mi="5" ci="0" mb="0" cb="0" />
            <line nr="64" mi="7" ci="0" mb="0" cb="0" />
            <line nr="65" mi="2" ci="0" mb="0" cb="0" />
            <line nr="69" mi="0" ci="4" mb="0" cb="0" />
            <line nr="70" mi="0" ci="1" mb="0" cb="0" />
            <line nr="71" mi="0" ci="4" mb="0" cb="0" />
            <line nr="72" mi="0" ci="4" mb="0" cb="0" />
            <line nr="73" mi="0" ci="4" mb="0" cb="0" />
            <counter type="INSTRUCTION" missed="27" covered="72" />
            <counter type="BRANCH" missed="1" covered="1" />
            <counter type="LINE" missed="8" covered="20" />
            <counter type="COMPLEXITY" missed="1" covered="6" />
            <counter type="METHOD" missed="0" covered="6" />
            <counter type="CLASS" missed="0" covered="1" />
        </sourcefile>
        <sourcefile name="EventsBuilder.java" />
        <sourcefile name="GatewayException.java">
            <line nr="31" mi="0" ci="3" mb="0" cb="0" />
            <line nr="32" mi="0" ci="9" mb="0" cb="0" />
            <line nr="33" mi="0" ci="1" mb="0" cb="0" />
            <line nr="40" mi="0" ci="4" mb="0" cb="0" />
            <line nr="48" mi="0" ci="4" mb="0" cb="0" />
            <line nr="57" mi="3" ci="0" mb="0" cb="0" />
            <line nr="58" mi="1" ci="0" mb="0" cb="0" />
            <line nr="66" mi="6" ci="0" mb="0" cb="0" />
            <line nr="67" mi="1" ci="0" mb="0" cb="0" />
            <line nr="75" mi="0" ci="4" mb="0" cb="0" />
            <line nr="77" mi="0" ci="5" mb="0" cb="0" />
            <line nr="78" mi="0" ci="3" mb="0" cb="0" />
            <line nr="79" mi="0" ci="2" mb="0" cb="0" />
            <line nr="82" mi="0" ci="3" mb="0" cb="0" />
            <line nr="83" mi="0" ci="3" mb="1" cb="1" />
            <line nr="84" mi="0" ci="4" mb="0" cb="0" />
            <line nr="85" mi="0" ci="10" mb="0" cb="2" />
            <line nr="86" mi="0" ci="4" mb="0" cb="0" />
            <line nr="87" mi="0" ci="3" mb="0" cb="0" />
            <line nr="88" mi="0" ci="2" mb="0" cb="0" />
            <line nr="89" mi="0" ci="3" mb="0" cb="0" />
            <line nr="90" mi="0" ci="2" mb="0" cb="0" />
            <line nr="91" mi="0" ci="3" mb="0" cb="0" />
            <line nr="92" mi="0" ci="2" mb="0" cb="0" />
            <line nr="93" mi="0" ci="1" mb="0" cb="0" />
            <line nr="96" mi="0" ci="3" mb="0" cb="0" />
            <line nr="97" mi="0" ci="1" mb="0" cb="0" />
            <counter type="INSTRUCTION" missed="11" covered="79" />
            <counter type="BRANCH" missed="1" covered="3" />
            <counter type="LINE" missed="4" covered="23" />
            <counter type="COMPLEXITY" missed="3" covered="5" />
            <counter type="METHOD" missed="2" covered="4" />
            <counter type="CLASS" missed="0" covered="1" />
        </sourcefile>
        <counter type="INSTRUCTION" missed="498" covered="3606" />
        <counter type="BRANCH" missed="18" covered="78" />
        <counter type="LINE" missed="98" covered="906" />
        <counter type="COMPLEXITY" missed="37" covered="360" />
        <counter type="METHOD" missed="22" covered="327" />
        <counter type="CLASS" missed="0" covered="53" />
    </package>
    <counter type="INSTRUCTION" missed="594" covered="4022" />
    <counter type="BRANCH" missed="23" covered="99" />
    <counter type="LINE" missed="119" covered="1006" />
    <counter type="COMPLEXITY" missed="42" covered="398" />
    <counter type="METHOD" missed="22" covered="357" />
    <counter type="CLASS" missed="0" covered="59" />
</report>
